<?xml version="1.0" encoding="UTF-8"?>
<!-- Generated by org.testng.reporters.JUnitReportReporter -->
<testsuite hostname="DESKTOP-U4GCUKK" failures="0" tests="1" name="testCases.TC_002_LoginTest" time="2.426" errors="0" timestamp="2025-10-10T14:53:08 IST" skipped="0">
  <testcase classname="testCases.TC_002_LoginTest" name="verifyLogin" time="2.426"/>
</testsuite> <!-- testCases.TC_002_LoginTest -->
