<?xml version="1.0" encoding="UTF-8"?>
<!-- Generated by org.testng.reporters.JUnitReportReporter -->
<testsuite hostname="DESKTOP-U4GCUKK" failures="0" tests="1" name="testCases.TC_002_LoginTest" time="2.924" errors="0" timestamp="2025-10-09T16:51:14 IST" skipped="0">
  <testcase classname="testCases.TC_002_LoginTest" name="verifyLogin" time="2.924"/>
</testsuite> <!-- testCases.TC_002_LoginTest -->
