<?xml version="1.0" encoding="UTF-8"?>
<!-- Generated by org.testng.reporters.JUnitReportReporter -->
<testsuite hostname="DESKTOP-U4GCUKK" failures="0" tests="1" name="testCases.TC_001_AccountRegistrationTest" time="4.613" errors="0" timestamp="2025-10-09T16:51:14 IST" skipped="0">
  <testcase classname="testCases.TC_001_AccountRegistrationTest" name="Verify_Account_Registration" time="4.613"/>
</testsuite> <!-- testCases.TC_001_AccountRegistrationTest -->
